# JRE version: Java(TM) SE Runtime Environment (12.0.2+10) (build 12.0.2+10)
# Java VM: Java HotSpot(TM) 64-Bit Server VM (12.0.2+10, mixed mode, sharing, tiered, compressed oops, g1 gc, windows-amd64)
Heap:
 garbage-first heap   total 132096K, used 77151K [0x0000000082600000, 0x0000000100000000)
  region size 1024K, 69 young (70656K), 7 survivors (7168K)
 Metaspace       used 6426K, capacity 6560K, committed 6784K, reserved 1056768K
  class space    used 534K, capacity 604K, committed 640K, reserved 1048576K
GC Heap History (10 events):
Event: 1.123 GC heap before
{Heap before GC invocations=0 (full 0):
 garbage-first heap   total 129024K, used 34816K [0x0000000082600000, 0x0000000100000000)
  region size 1024K, 24 young (24576K), 0 survivors (0K)
 Metaspace       used 6037K, capacity 6208K, committed 6528K, reserved 1056768K
  class space    used 522K, capacity 572K, committed 640K, reserved 1048576K
}
Event: 1.126 GC heap after
{Heap after GC invocations=1 (full 0):
 garbage-first heap   total 129024K, used 13175K [0x0000000082600000, 0x0000000100000000)
  region size 1024K, 3 young (3072K), 3 survivors (3072K)
 Metaspace       used 6037K, capacity 6208K, committed 6528K, reserved 1056768K
  class space    used 522K, capacity 572K, committed 640K, reserved 1048576K
}
Event: 1.363 GC heap before
{Heap before GC invocations=1 (full 0):
 garbage-first heap   total 129024K, used 128887K [0x0000000082600000, 0x0000000100000000)
  region size 1024K, 75 young (76800K), 3 survivors (3072K)
 Metaspace       used 6084K, capacity 6272K, committed 6528K, reserved 1056768K
  class space    used 522K, capacity 572K, committed 640K, reserved 1048576K
}
Event: 1.365 GC heap after
{Heap after GC invocations=2 (full 0):
 garbage-first heap   total 132096K, used 29559K [0x0000000082600000, 0x0000000100000000)
  region size 1024K, 3 young (3072K), 3 survivors (3072K)
 Metaspace       used 6084K, capacity 6272K, committed 6528K, reserved 1056768K
  class space    used 522K, capacity 572K, committed 640K, reserved 1048576K
}
Event: 1.490 GC heap before
{Heap before GC invocations=2 (full 0):
 garbage-first heap   total 132096K, used 124791K [0x0000000082600000, 0x0000000100000000)
  region size 1024K, 66 young (67584K), 3 survivors (3072K)
 Metaspace       used 6101K, capacity 6272K, committed 6528K, reserved 1056768K
  class space    used 522K, capacity 572K, committed 640K, reserved 1048576K
}
Event: 1.493 GC heap after
{Heap after GC invocations=3 (full 0):
 garbage-first heap   total 132096K, used 36800K [0x0000000082600000, 0x0000000100000000)
  region size 1024K, 3 young (3072K), 3 survivors (3072K)
 Metaspace       used 6101K, capacity 6272K, committed 6528K, reserved 1056768K
  class space    used 522K, capacity 572K, committed 640K, reserved 1048576K
}
Event: 1.619 GC heap before
{Heap before GC invocations=4 (full 0):
 garbage-first heap   total 132096K, used 122816K [0x0000000082600000, 0x0000000100000000)
  region size 1024K, 72 young (73728K), 3 survivors (3072K)
 Metaspace       used 6109K, capacity 6272K, committed 6528K, reserved 1056768K
  class space    used 522K, capacity 572K, committed 640K, reserved 1048576K
}
Event: 1.621 GC heap after
{Heap after GC invocations=5 (full 0):
 garbage-first heap   total 132096K, used 22510K [0x0000000082600000, 0x0000000100000000)
  region size 1024K, 3 young (3072K), 3 survivors (3072K)
 Metaspace       used 6109K, capacity 6272K, committed 6528K, reserved 1056768K
  class space    used 522K, capacity 572K, committed 640K, reserved 1048576K
}
Event: 31.792 GC heap before
{Heap before GC invocations=5 (full 0):
 garbage-first heap   total 132096K, used 98286K [0x0000000082600000, 0x0000000100000000)
  region size 1024K, 77 young (78848K), 3 survivors (3072K)
 Metaspace       used 6425K, capacity 6560K, committed 6784K, reserved 1056768K
  class space    used 534K, capacity 604K, committed 640K, reserved 1048576K
}
Event: 31.807 GC heap after
{Heap after GC invocations=6 (full 0):
 garbage-first heap   total 132096K, used 14687K [0x0000000082600000, 0x0000000100000000)
  region size 1024K, 7 young (7168K), 7 survivors (7168K)
 Metaspace       used 6425K, capacity 6560K, committed 6784K, reserved 1056768K
  class space    used 534K, capacity 604K, committed 640K, reserved 1048576K
}

