# JRE version: Java(TM) SE Runtime Environment (12.0.2+10) (build 12.0.2+10)
# Java VM: Java HotSpot(TM) 64-Bit Server VM (12.0.2+10, mixed mode, sharing, tiered, compressed oops, g1 gc, windows-amd64)
Heap:
 garbage-first heap   total 132096K, used 31402K [0x0000000082600000, 0x0000000100000000)
  region size 1024K, 24 young (24576K), 9 survivors (9216K)
 Metaspace       used 6399K, capacity 6624K, committed 6784K, reserved 1056768K
  class space    used 534K, capacity 604K, committed 640K, reserved 1048576K
GC Heap History (10 events):
Event: 1.835 GC heap before
{Heap before GC invocations=2 (full 0):
 garbage-first heap   total 132096K, used 124928K [0x0000000082600000, 0x0000000100000000)
  region size 1024K, 66 young (67584K), 3 survivors (3072K)
 Metaspace       used 6095K, capacity 6272K, committed 6528K, reserved 1056768K
  class space    used 522K, capacity 572K, committed 640K, reserved 1048576K
}
Event: 1.839 GC heap after
{Heap after GC invocations=3 (full 0):
 garbage-first heap   total 132096K, used 36639K [0x0000000082600000, 0x0000000100000000)
  region size 1024K, 3 young (3072K), 3 survivors (3072K)
 Metaspace       used 6095K, capacity 6272K, committed 6528K, reserved 1056768K
  class space    used 522K, capacity 572K, committed 640K, reserved 1048576K
}
Event: 48.146 GC heap before
{Heap before GC invocations=4 (full 0):
 garbage-first heap   total 132096K, used 114463K [0x0000000082600000, 0x0000000100000000)
  region size 1024K, 72 young (73728K), 3 survivors (3072K)
 Metaspace       used 6368K, capacity 6560K, committed 6784K, reserved 1056768K
  class space    used 534K, capacity 604K, committed 640K, reserved 1048576K
}
Event: 48.159 GC heap after
{Heap after GC invocations=5 (full 0):
 garbage-first heap   total 132096K, used 19624K [0x0000000082600000, 0x0000000100000000)
  region size 1024K, 7 young (7168K), 7 survivors (7168K)
 Metaspace       used 6368K, capacity 6560K, committed 6784K, reserved 1056768K
  class space    used 534K, capacity 604K, committed 640K, reserved 1048576K
}
Event: 296.850 GC heap before
{Heap before GC invocations=5 (full 0):
 garbage-first heap   total 132096K, used 91304K [0x0000000082600000, 0x0000000100000000)
  region size 1024K, 77 young (78848K), 7 survivors (7168K)
 Metaspace       used 6387K, capacity 6560K, committed 6784K, reserved 1056768K
  class space    used 534K, capacity 604K, committed 640K, reserved 1048576K
}
Event: 296.915 GC heap after
{Heap after GC invocations=6 (full 0):
 garbage-first heap   total 132096K, used 14870K [0x0000000082600000, 0x0000000100000000)
  region size 1024K, 10 young (10240K), 10 survivors (10240K)
 Metaspace       used 6387K, capacity 6560K, committed 6784K, reserved 1056768K
  class space    used 534K, capacity 604K, committed 640K, reserved 1048576K
}
Event: 445.256 GC heap before
{Heap before GC invocations=6 (full 0):
 garbage-first heap   total 132096K, used 56854K [0x0000000082600000, 0x0000000100000000)
  region size 1024K, 51 young (52224K), 10 survivors (10240K)
 Metaspace       used 6393K, capacity 6560K, committed 6784K, reserved 1056768K
  class space    used 534K, capacity 604K, committed 640K, reserved 1048576K
}
Event: 445.273 GC heap after
{Heap after GC invocations=7 (full 0):
 garbage-first heap   total 132096K, used 12477K [0x0000000082600000, 0x0000000100000000)
  region size 1024K, 7 young (7168K), 7 survivors (7168K)
 Metaspace       used 6393K, capacity 6560K, committed 6784K, reserved 1056768K
  class space    used 534K, capacity 604K, committed 640K, reserved 1048576K
}
Event: 643.496 GC heap before
{Heap before GC invocations=7 (full 0):
 garbage-first heap   total 132096K, used 79037K [0x0000000082600000, 0x0000000100000000)
  region size 1024K, 72 young (73728K), 7 survivors (7168K)
 Metaspace       used 6399K, capacity 6624K, committed 6784K, reserved 1056768K
  class space    used 534K, capacity 604K, committed 640K, reserved 1048576K
}
Event: 643.523 GC heap after
{Heap after GC invocations=8 (full 0):
 garbage-first heap   total 132096K, used 17066K [0x0000000082600000, 0x0000000100000000)
  region size 1024K, 9 young (9216K), 9 survivors (9216K)
 Metaspace       used 6399K, capacity 6624K, committed 6784K, reserved 1056768K
  class space    used 534K, capacity 604K, committed 640K, reserved 1048576K
}

