# JRE version: Java(TM) SE Runtime Environment (12.0.2+10) (build 12.0.2+10)
# Java VM: Java HotSpot(TM) 64-Bit Server VM (12.0.2+10, mixed mode, sharing, tiered, compressed oops, g1 gc, windows-amd64)
Heap:
 garbage-first heap   total 132096K, used 48112K [0x0000000082600000, 0x0000000100000000)
  region size 1024K, 25 young (25600K), 3 survivors (3072K)
 Metaspace       used 6307K, capacity 6432K, committed 6528K, reserved 1056768K
  class space    used 532K, capacity 604K, committed 640K, reserved 1048576K
GC Heap History (8 events):
Event: 1.080 GC heap before
{Heap before GC invocations=0 (full 0):
 garbage-first heap   total 129024K, used 34816K [0x0000000082600000, 0x0000000100000000)
  region size 1024K, 24 young (24576K), 0 survivors (0K)
 Metaspace       used 6036K, capacity 6208K, committed 6528K, reserved 1056768K
  class space    used 522K, capacity 572K, committed 640K, reserved 1048576K
}
Event: 1.083 GC heap after
{Heap after GC invocations=1 (full 0):
 garbage-first heap   total 129024K, used 13175K [0x0000000082600000, 0x0000000100000000)
  region size 1024K, 3 young (3072K), 3 survivors (3072K)
 Metaspace       used 6036K, capacity 6208K, committed 6528K, reserved 1056768K
  class space    used 522K, capacity 572K, committed 640K, reserved 1048576K
}
Event: 1.310 GC heap before
{Heap before GC invocations=1 (full 0):
 garbage-first heap   total 129024K, used 128887K [0x0000000082600000, 0x0000000100000000)
  region size 1024K, 75 young (76800K), 3 survivors (3072K)
 Metaspace       used 6083K, capacity 6272K, committed 6528K, reserved 1056768K
  class space    used 522K, capacity 572K, committed 640K, reserved 1048576K
}
Event: 1.313 GC heap after
{Heap after GC invocations=2 (full 0):
 garbage-first heap   total 132096K, used 29696K [0x0000000082600000, 0x0000000100000000)
  region size 1024K, 3 young (3072K), 3 survivors (3072K)
 Metaspace       used 6083K, capacity 6272K, committed 6528K, reserved 1056768K
  class space    used 522K, capacity 572K, committed 640K, reserved 1048576K
}
Event: 1.435 GC heap before
{Heap before GC invocations=2 (full 0):
 garbage-first heap   total 132096K, used 124928K [0x0000000082600000, 0x0000000100000000)
  region size 1024K, 66 young (67584K), 3 survivors (3072K)
 Metaspace       used 6100K, capacity 6272K, committed 6528K, reserved 1056768K
  class space    used 522K, capacity 572K, committed 640K, reserved 1048576K
}
Event: 1.438 GC heap after
{Heap after GC invocations=3 (full 0):
 garbage-first heap   total 132096K, used 36780K [0x0000000082600000, 0x0000000100000000)
  region size 1024K, 3 young (3072K), 3 survivors (3072K)
 Metaspace       used 6100K, capacity 6272K, committed 6528K, reserved 1056768K
  class space    used 522K, capacity 572K, committed 640K, reserved 1048576K
}
Event: 1.561 GC heap before
{Heap before GC invocations=4 (full 0):
 garbage-first heap   total 132096K, used 122796K [0x0000000082600000, 0x0000000100000000)
  region size 1024K, 72 young (73728K), 3 survivors (3072K)
 Metaspace       used 6107K, capacity 6272K, committed 6528K, reserved 1056768K
  class space    used 522K, capacity 572K, committed 640K, reserved 1048576K
}
Event: 1.563 GC heap after
{Heap after GC invocations=5 (full 0):
 garbage-first heap   total 132096K, used 22512K [0x0000000082600000, 0x0000000100000000)
  region size 1024K, 3 young (3072K), 3 survivors (3072K)
 Metaspace       used 6107K, capacity 6272K, committed 6528K, reserved 1056768K
  class space    used 522K, capacity 572K, committed 640K, reserved 1048576K
}

